
FileVersion:        2

ResolutionOfTime:   Volumes

Experiment:         RSA Pilot 1st run chair

BackgroundColor:    0 0 0
TextColor:          255 255 255
TimeCourseColor:    255 255 255
TimeCourseThick:    3
ReferenceFuncColor: 0 0 80
ReferenceFuncThick: 3

NrOfConditions:     2

Baseline
11
   1   20
  61   80
 121  140
 181  200
 241  260
 301  320
 361  380
 421  440
 481  500
 541  560
 601  620
Color: 0 0 255

Task
10
  21   60
  81  120
 141  180
 201  240
 261  300
 321  360
 381  420
 441  480
 501  540
 561  600
Color: 255 0 0