
FileVersion:        2

ResolutionOfTime:   Volumes

Experiment:         rtRSA martello

BackgroundColor:    0 0 0
TextColor:          255 255 255
TimeCourseColor:    255 255 255
TimeCourseThick:    3
ReferenceFuncColor: 0 0 80
ReferenceFuncThick: 3

NrOfConditions:     3

Baseline
21
   1   20
  25   44
  65   84
  89  108
 129  148
 153  172
 193  212
 217  236
 257  276
 281  300
 321  340
 345  364
 385  404
 409  428
 449  468
 473  492
 513  532
 537  556
 577  596
 601  620
 641  660
Color: 0 0 255

Task
10
  45   64
 109  128
 173  192
 237  256
 301  320
 365  384
 429  448
 493  512
 557  576
 621  640
Color: 255 0 0

Feedbacks
10
  21   24
  85   88
 149  152
 213  216
 277  280
 341  344
 405  408
 469  472
 533  536
 597  600
Color: 0 255 0