
FileVersion:        2

ResolutionOfTime:   Volumes

Experiment:         RSA Pilot 1st run hammer

BackgroundColor:    0 0 0
TextColor:          255 255 255
TimeCourseColor:    255 255 255
TimeCourseThick:    3
ReferenceFuncColor: 0 0 80
ReferenceFuncThick: 3

NrOfConditions:     11

Baseline
15
   1    8
  11   20
  11   20
  11   20
  11   20
  61   80
 121  140
 181  200
 241  260
 301  320
 361  380
 421  440
 481  500
 541  560
 601  620
Color: 0 0 255

hammer_0
2
  9  10
 21  60
Color: 255 0 0

hammer_1
2
   9   10
  81  120
Color: 255 1 0

hammer_2
2
   9   10
 141  180
Color: 255 2 0

hammer_3
2
   9   10
 201  240
Color: 255 3 0

hammer_4
2
   9   10
 261  300
Color: 255 4 0

hammer_5
2
   9   10
 321  360
Color: 255 5 0

hammer_6
2
   9   10
 381  420
Color: 255 6 0

hammer_7
2
   9   10
 441  480
Color: 255 7 0

hammer_8
2
   9   10
 501  540
Color: 255 8 0

hammer_9
2
   9   10
 561  600
Color: 255 9 0