
FileVersion:        2

ResolutionOfTime:   Volumes

Experiment:         RSA Pilot 1st run cat

BackgroundColor:    0 0 0
TextColor:          255 255 255
TimeCourseColor:    255 255 255
TimeCourseThick:    3
ReferenceFuncColor: 0 0 80
ReferenceFuncThick: 3

NrOfConditions:     11

Baseline
11
   1   20
  41   60
  81  100
 121  140
 161  180
 201  220
 241  260
 281  300
 321  340
 361  380
 401  420
Color: 0 0 255

cat_0
1
 21  40
Color: 255 0 0

cat_1
1
 61  80
Color: 255 1 0

cat_2
1
 101  120
Color: 255 2 0

cat_3
1
 141  160
Color: 255 3 0

cat_4
1
 181  200
Color: 255 4 0

cat_5
1
 221  240
Color: 255 5 0

cat_6
1
 261  280
Color: 255 6 0

cat_7
1
 301  320
Color: 255 7 0

cat_8
1
 341  360
Color: 255 8 0

cat_9
1
 381  400
Color: 255 9 0