
FileVersion:        2

ResolutionOfTime:   Volumes

Experiment:         RSA Pilot 1st run cat

BackgroundColor:    0 0 0
TextColor:          255 255 255
TimeCourseColor:    255 255 255
TimeCourseThick:    3
ReferenceFuncColor: 0 0 80
ReferenceFuncThick: 3

NrOfConditions:     2

Baseline
11
   1   30
  61   90
 121  150
 181  210
 241  270
 301  330
 361  390
 421  450
 481  510
 541  570
 601  630
Color: 0 0 255

Task
10
  31   60
  91  120
 151  180
 211  240
 271  300
 331  360
 391  420
 451  480
 511  540
 571  600
Color: 255 0 0