
FileVersion:        2

ResolutionOfTime:   Volumes

Experiment:         RSA Pilot 1st run dog

BackgroundColor:    0 0 0
TextColor:          255 255 255
TimeCourseColor:    255 255 255
TimeCourseThick:    3
ReferenceFuncColor: 0 0 80
ReferenceFuncThick: 3

NrOfConditions:     11

Baseline
14
   1    8
  11   20
  11   20
  11   20
  61   90
 121  150
 181  210
 241  270
 301  330
 361  390
 421  450
 481  510
 541  570
 601  630
Color: 0 0 255

dog_0
2
  9  10
 31  60
Color: 255 0 0

dog_1
2
   9   10
  91  120
Color: 255 1 0

dog_2
2
   9   10
 151  180
Color: 255 2 0

dog_3
2
   9   10
 211  240
Color: 255 3 0

dog_4
2
   9   10
 271  300
Color: 255 4 0

dog_5
2
   9   10
 331  360
Color: 255 5 0

dog_6
2
   9   10
 391  420
Color: 255 6 0

dog_7
2
   9   10
 451  480
Color: 255 7 0

dog_8
2
   9   10
 511  540
Color: 255 8 0

dog_9
2
   9   10
 571  600
Color: 255 9 0